mode: set
edc-proxy/config/config.go:10.19,12.40 1 0
edc-proxy/config/config.go:12.40,14.3 1 0
edc-proxy/config/config.go:17.23,19.16 2 0
edc-proxy/config/config.go:19.16,21.3 1 0
edc-proxy/config/config.go:22.2,22.13 1 0
edc-proxy/config/config.go:25.23,28.16 2 0
edc-proxy/config/config.go:28.16,30.3 1 0
edc-proxy/config/config.go:31.2,31.13 1 0
edc-proxy/config/config.go:34.25,37.18 2 0
edc-proxy/config/config.go:37.18,39.3 1 0
edc-proxy/config/config.go:40.2,40.15 1 0
edc-proxy/config/config.go:43.26,46.19 2 0
edc-proxy/config/config.go:46.19,48.3 1 0
edc-proxy/config/config.go:49.2,49.16 1 0
edc-proxy/config/config.go:52.32,55.18 2 0
edc-proxy/config/config.go:55.18,57.3 1 0
edc-proxy/config/config.go:58.2,58.15 1 0
edc-proxy/config/database.go:13.18,18.16 4 0
edc-proxy/config/database.go:18.16,20.3 1 0
edc-proxy/main.go:11.13,19.2 5 0
edc-proxy/main.go:21.13,34.54 6 0
edc-proxy/main.go:34.54,36.3 1 0
edc-proxy/middleware/auth_middleware.go:12.42,13.30 1 0
edc-proxy/middleware/auth_middleware.go:13.30,22.30 3 0
edc-proxy/middleware/auth_middleware.go:22.30,26.4 3 0
edc-proxy/middleware/auth_middleware.go:28.3,29.81 2 0
edc-proxy/middleware/auth_middleware.go:29.81,33.4 3 0
edc-proxy/middleware/auth_middleware.go:35.3,39.17 3 0
edc-proxy/middleware/auth_middleware.go:39.17,48.4 4 0
edc-proxy/middleware/auth_middleware.go:51.3,56.17 3 0
edc-proxy/middleware/auth_middleware.go:56.17,64.4 4 0
edc-proxy/middleware/auth_middleware.go:65.3,66.17 2 0
edc-proxy/middleware/auth_middleware.go:66.17,74.4 4 0
edc-proxy/middleware/auth_middleware.go:75.3,78.11 3 0
edc-proxy/models/db_models.go:32.57,33.27 1 0
edc-proxy/models/db_models.go:34.83,34.83 0 0
edc-proxy/models/db_models.go:36.10,38.71 1 0
edc-proxy/models/db_models.go:40.2,40.12 1 0
edc-proxy/migrate/migrate.go:8.13,12.2 2 0
edc-proxy/migrate/migrate.go:14.13,16.2 1 0
edc-proxy/config/config.go:10.19,12.40 1 0
edc-proxy/config/config.go:12.40,14.3 1 0
edc-proxy/config/config.go:17.23,19.16 2 0
edc-proxy/config/config.go:19.16,21.3 1 0
edc-proxy/config/config.go:22.2,22.13 1 0
edc-proxy/config/config.go:25.23,28.16 2 0
edc-proxy/config/config.go:28.16,30.3 1 0
edc-proxy/config/config.go:31.2,31.13 1 0
edc-proxy/config/config.go:34.25,37.18 2 0
edc-proxy/config/config.go:37.18,39.3 1 0
edc-proxy/config/config.go:40.2,40.15 1 0
edc-proxy/config/config.go:43.26,46.19 2 0
edc-proxy/config/config.go:46.19,48.3 1 0
edc-proxy/config/config.go:49.2,49.16 1 0
edc-proxy/config/config.go:52.32,55.18 2 0
edc-proxy/config/config.go:55.18,57.3 1 0
edc-proxy/config/config.go:58.2,58.15 1 0
edc-proxy/config/database.go:13.18,18.16 4 0
edc-proxy/config/database.go:18.16,20.3 1 0
edc-proxy/utils/crypto.go:12.41,15.2 2 1
edc-proxy/utils/crypto.go:18.59,22.16 3 1
edc-proxy/utils/crypto.go:22.16,24.3 1 0
edc-proxy/utils/crypto.go:27.2,28.16 2 1
edc-proxy/utils/crypto.go:28.16,30.3 1 0
edc-proxy/utils/crypto.go:33.2,34.59 2 1
edc-proxy/utils/crypto.go:34.59,36.3 1 0
edc-proxy/utils/crypto.go:39.2,42.59 2 1
edc-proxy/utils/crypto.go:46.68,51.16 3 1
edc-proxy/utils/crypto.go:51.16,53.3 1 0
edc-proxy/utils/crypto.go:56.2,57.16 2 1
edc-proxy/utils/crypto.go:57.16,59.3 1 0
edc-proxy/utils/crypto.go:62.2,63.16 2 1
edc-proxy/utils/crypto.go:63.16,65.3 1 0
edc-proxy/utils/crypto.go:68.2,73.16 4 1
edc-proxy/utils/crypto.go:73.16,75.3 1 0
edc-proxy/utils/crypto.go:77.2,77.31 1 1
edc-proxy/utils/jwt_utils.go:15.59,17.16 2 0
edc-proxy/utils/jwt_utils.go:17.16,19.3 1 0
edc-proxy/utils/jwt_utils.go:20.2,22.38 2 0
edc-proxy/utils/jwt_utils.go:22.38,24.3 1 0
edc-proxy/utils/jwt_utils.go:27.2,28.16 2 0
edc-proxy/utils/jwt_utils.go:28.16,30.3 1 0
edc-proxy/utils/jwt_utils.go:33.2,34.16 2 0
edc-proxy/utils/jwt_utils.go:34.16,36.3 1 0
edc-proxy/utils/jwt_utils.go:38.2,38.20 1 0
edc-proxy/utils/jwt_utils.go:41.70,59.16 3 0
edc-proxy/utils/jwt_utils.go:59.16,61.3 1 0
edc-proxy/utils/jwt_utils.go:63.2,63.19 1 0
edc-proxy/utils/jwt_utils.go:66.59,71.16 3 0
edc-proxy/utils/jwt_utils.go:71.16,74.3 2 0
edc-proxy/utils/jwt_utils.go:77.2,78.16 2 0
edc-proxy/utils/jwt_utils.go:78.16,81.3 2 0
edc-proxy/utils/jwt_utils.go:83.2,83.19 1 0
edc-proxy/utils/jwt_utils.go:86.70,89.9 2 0
edc-proxy/utils/jwt_utils.go:89.9,91.3 1 0
edc-proxy/utils/jwt_utils.go:93.2,94.25 2 0
edc-proxy/utils/logger.go:11.19,16.2 4 0
edc-proxy/config/config.go:10.19,12.40 1 0
edc-proxy/config/config.go:12.40,14.3 1 0
edc-proxy/config/config.go:17.23,19.16 2 0
edc-proxy/config/config.go:19.16,21.3 1 0
edc-proxy/config/config.go:22.2,22.13 1 0
edc-proxy/config/config.go:25.23,28.16 2 0
edc-proxy/config/config.go:28.16,30.3 1 0
edc-proxy/config/config.go:31.2,31.13 1 0
edc-proxy/config/config.go:34.25,37.18 2 0
edc-proxy/config/config.go:37.18,39.3 1 0
edc-proxy/config/config.go:40.2,40.15 1 0
edc-proxy/config/config.go:43.26,46.19 2 0
edc-proxy/config/config.go:46.19,48.3 1 0
edc-proxy/config/config.go:49.2,49.16 1 0
edc-proxy/config/config.go:52.32,55.18 2 0
edc-proxy/config/config.go:55.18,57.3 1 0
edc-proxy/config/config.go:58.2,58.15 1 0
edc-proxy/config/database.go:13.18,18.16 4 0
edc-proxy/config/database.go:18.16,20.3 1 0
edc-proxy/controllers/connector_controllers.go:28.38,32.49 2 1
edc-proxy/controllers/connector_controllers.go:32.49,35.3 2 1
edc-proxy/controllers/connector_controllers.go:37.2,38.13 2 0
edc-proxy/controllers/connector_controllers.go:38.13,41.3 2 0
edc-proxy/controllers/connector_controllers.go:42.2,43.13 2 0
edc-proxy/controllers/connector_controllers.go:43.13,46.3 2 0
edc-proxy/controllers/connector_controllers.go:47.2,51.16 4 0
edc-proxy/controllers/connector_controllers.go:51.16,55.3 3 0
edc-proxy/controllers/connector_controllers.go:57.2,68.25 3 0
edc-proxy/controllers/connector_controllers.go:68.25,75.3 3 0
edc-proxy/controllers/connector_controllers.go:76.2,78.36 2 0
edc-proxy/controllers/connector_controllers.go:81.38,85.13 3 1
edc-proxy/controllers/connector_controllers.go:85.13,88.3 2 1
edc-proxy/controllers/connector_controllers.go:90.2,92.30 2 0
edc-proxy/controllers/connector_controllers.go:92.30,95.3 2 0
edc-proxy/controllers/connector_controllers.go:97.2,97.25 1 0
edc-proxy/controllers/connector_controllers.go:97.25,101.3 3 0
edc-proxy/controllers/connector_controllers.go:103.2,108.31 2 0
edc-proxy/controllers/connector_controllers.go:111.38,115.49 2 0
edc-proxy/controllers/connector_controllers.go:115.49,118.3 2 0
edc-proxy/controllers/connector_controllers.go:121.2,124.13 3 0
edc-proxy/controllers/connector_controllers.go:124.13,127.3 2 0
edc-proxy/controllers/connector_controllers.go:129.2,131.57 2 0
edc-proxy/controllers/connector_controllers.go:131.57,135.3 3 0
edc-proxy/controllers/connector_controllers.go:138.2,140.16 3 0
edc-proxy/controllers/connector_controllers.go:140.16,144.3 3 0
edc-proxy/controllers/connector_controllers.go:146.2,151.29 5 0
edc-proxy/controllers/connector_controllers.go:151.29,158.3 3 0
edc-proxy/controllers/connector_controllers.go:159.2,167.31 3 0
edc-proxy/controllers/connector_controllers.go:170.38,173.13 2 0
edc-proxy/controllers/connector_controllers.go:173.13,176.3 2 0
edc-proxy/controllers/connector_controllers.go:178.2,181.25 3 0
edc-proxy/controllers/connector_controllers.go:181.25,185.3 3 0
edc-proxy/controllers/connector_controllers.go:187.2,187.30 1 0
edc-proxy/controllers/connector_controllers.go:187.30,190.3 2 0
edc-proxy/controllers/connector_controllers.go:193.2,194.31 2 0
edc-proxy/controllers/connector_controllers.go:194.31,198.3 3 0
edc-proxy/controllers/connector_controllers.go:200.2,201.82 2 0
edc-proxy/controllers/offering_controller.go:10.37,14.49 2 1
edc-proxy/controllers/offering_controller.go:14.49,17.3 2 1
edc-proxy/controllers/offering_controller.go:20.2,21.16 2 1
edc-proxy/controllers/offering_controller.go:21.16,24.3 2 1
edc-proxy/controllers/offering_controller.go:26.2,26.60 1 1
edc-proxy/controllers/public_controllers.go:9.39,11.2 1 0
edc-proxy/models/db_models.go:32.57,33.27 1 0
edc-proxy/models/db_models.go:34.83,34.83 0 0
edc-proxy/models/db_models.go:36.10,38.71 1 0
edc-proxy/models/db_models.go:40.2,40.12 1 0
edc-proxy/services/offering_service.go:9.63,13.16 3 1
edc-proxy/services/offering_service.go:13.16,15.3 1 1
edc-proxy/services/offering_service.go:16.2,19.43 2 0
edc-proxy/services/offering_service.go:19.43,21.3 1 0
edc-proxy/services/offering_service.go:23.2,23.12 1 0
edc-proxy/config/config.go:10.19,12.40 1 0
edc-proxy/config/config.go:12.40,14.3 1 0
edc-proxy/config/config.go:17.23,19.16 2 0
edc-proxy/config/config.go:19.16,21.3 1 0
edc-proxy/config/config.go:22.2,22.13 1 0
edc-proxy/config/config.go:25.23,28.16 2 0
edc-proxy/config/config.go:28.16,30.3 1 0
edc-proxy/config/config.go:31.2,31.13 1 0
edc-proxy/config/config.go:34.25,37.18 2 0
edc-proxy/config/config.go:37.18,39.3 1 0
edc-proxy/config/config.go:40.2,40.15 1 0
edc-proxy/config/config.go:43.26,46.19 2 0
edc-proxy/config/config.go:46.19,48.3 1 0
edc-proxy/config/config.go:49.2,49.16 1 0
edc-proxy/config/config.go:52.32,55.18 2 0
edc-proxy/config/config.go:55.18,57.3 1 0
edc-proxy/config/config.go:58.2,58.15 1 0
edc-proxy/config/database.go:13.18,18.16 4 0
edc-proxy/config/database.go:18.16,20.3 1 0
edc-proxy/middleware/auth_middleware.go:12.42,13.30 1 1
edc-proxy/middleware/auth_middleware.go:13.30,22.30 3 0
edc-proxy/middleware/auth_middleware.go:22.30,26.4 3 0
edc-proxy/middleware/auth_middleware.go:28.3,29.81 2 0
edc-proxy/middleware/auth_middleware.go:29.81,33.4 3 0
edc-proxy/middleware/auth_middleware.go:35.3,39.17 3 0
edc-proxy/middleware/auth_middleware.go:39.17,48.4 4 0
edc-proxy/middleware/auth_middleware.go:51.3,56.17 3 0
edc-proxy/middleware/auth_middleware.go:56.17,64.4 4 0
edc-proxy/middleware/auth_middleware.go:65.3,66.17 2 0
edc-proxy/middleware/auth_middleware.go:66.17,74.4 4 0
edc-proxy/middleware/auth_middleware.go:75.3,78.11 3 0
edc-proxy/models/db_models.go:32.57,33.27 1 0
edc-proxy/models/db_models.go:34.83,34.83 0 0
edc-proxy/models/db_models.go:36.10,38.71 1 0
edc-proxy/models/db_models.go:40.2,40.12 1 0
edc-proxy/routes/routes.go:10.38,17.2 4 1
edc-proxy/routes/routes.go:17.2,22.3 4 1
